Determining if the pthread_create exist failed with the following output:
Change Dir: /home/user/Desktop/GP_VALEO_AP/ara-project-R19-11/ara-api/ucm/pkgmgr/Build/CMakeFiles/CMakeTmp

Run Build Command:"/home/user/Desktop/GP_VALEO_AP/ara-project-R19-11/AUTOSAR/sdks/qemux86/sysroots/x86_64-pokysdk-linux/usr/bin/make" "cmTC_9d278/fast"
/home/user/Desktop/GP_VALEO_AP/ara-project-R19-11/AUTOSAR/sdks/qemux86/sysroots/x86_64-pokysdk-linux/usr/bin/make -f CMakeFiles/cmTC_9d278.dir/build.make CMakeFiles/cmTC_9d278.dir/build
make[1]: Entering directory '/home/user/Desktop/GP_VALEO_AP/ara-project-R19-11/ara-api/ucm/pkgmgr/Build/CMakeFiles/CMakeTmp'
Building CXX object CMakeFiles/cmTC_9d278.dir/CheckSymbolExists.cxx.o
/home/user/Desktop/GP_VALEO_AP/ara-project-R19-11/AUTOSAR/sdks/qemux86/sysroots/x86_64-pokysdk-linux/usr/bin/i586-poky-linux/i586-poky-linux-g++   -m32 -march=i586 --sysroot=/home/user/Desktop/GP_VALEO_AP/ara-project-R19-11/AUTOSAR/sdks/qemux86/sysroots/i586-poky-linux --sysroot=/home/user/Desktop/GP_VALEO_AP/ara-project-R19-11/AUTOSAR/sdks/qemux86/sysroots/i586-poky-linux    -O2 -pipe -g -feliminate-unused-debug-types     -o CMakeFiles/cmTC_9d278.dir/CheckSymbolExists.cxx.o -c /home/user/Desktop/GP_VALEO_AP/ara-project-R19-11/ara-api/ucm/pkgmgr/Build/CMakeFiles/CMakeTmp/CheckSymbolExists.cxx
Linking CXX executable cmTC_9d278
/home/user/Desktop/GP_VALEO_AP/ara-project-R19-11/AUTOSAR/sdks/qemux86/sysroots/x86_64-pokysdk-linux/usr/bin/cmake -E cmake_link_script CMakeFiles/cmTC_9d278.dir/link.txt --verbose=1
/home/user/Desktop/GP_VALEO_AP/ara-project-R19-11/AUTOSAR/sdks/qemux86/sysroots/x86_64-pokysdk-linux/usr/bin/i586-poky-linux/i586-poky-linux-g++   -m32 -march=i586 --sysroot=/home/user/Desktop/GP_VALEO_AP/ara-project-R19-11/AUTOSAR/sdks/qemux86/sysroots/i586-poky-linux --sysroot=/home/user/Desktop/GP_VALEO_AP/ara-project-R19-11/AUTOSAR/sdks/qemux86/sysroots/i586-poky-linux   -O2 -pipe -g -feliminate-unused-debug-types    -Wl,-O1 -Wl,--hash-style=gnu -Wl,--as-needed  CMakeFiles/cmTC_9d278.dir/CheckSymbolExists.cxx.o  -o cmTC_9d278 
/home/user/Desktop/GP_VALEO_AP/ara-project-R19-11/AUTOSAR/sdks/qemux86/sysroots/x86_64-pokysdk-linux/usr/libexec/i586-poky-linux/gcc/i586-poky-linux/8.2.0/real-ld: CMakeFiles/cmTC_9d278.dir/CheckSymbolExists.cxx.o: in function `main':
/home/user/Desktop/GP_VALEO_AP/ara-project-R19-11/ara-api/ucm/pkgmgr/Build/CMakeFiles/CMakeTmp/CheckSymbolExists.cxx:8: undefined reference to `pthread_create'
collect2: error: ld returned 1 exit status
make[1]: *** [CMakeFiles/cmTC_9d278.dir/build.make:87: cmTC_9d278] Error 1
make[1]: Leaving directory '/home/user/Desktop/GP_VALEO_AP/ara-project-R19-11/ara-api/ucm/pkgmgr/Build/CMakeFiles/CMakeTmp'
make: *** [Makefile:121: cmTC_9d278/fast] Error 2

File /home/user/Desktop/GP_VALEO_AP/ara-project-R19-11/ara-api/ucm/pkgmgr/Build/CMakeFiles/CMakeTmp/CheckSymbolExists.cxx:
/* */
#include <pthread.h>

int main(int argc, char** argv)
{
  (void)argv;
#ifndef pthread_create
  return ((int*)(&pthread_create))[argc];
#else
  (void)argc;
  return 0;
#endif
}

