The target system is: Linux -  - i586
The host system is: Linux - 4.4.0-201-generic - x86_64
Compiling the CXX compiler identification source file "CMakeCXXCompilerId.cpp" succeeded.
Compiler: /home/user/Desktop/GP_VALEO_AP/ara-project-R19-11/AUTOSAR/sdks/qemux86/sysroots/x86_64-pokysdk-linux/usr/bin/i586-poky-linux/i586-poky-linux-g++ -m32;-march=i586;--sysroot=/home/user/Desktop/GP_VALEO_AP/ara-project-R19-11/AUTOSAR/sdks/qemux86/sysroots/i586-poky-linux
Build flags: ;-O2;-pipe;-g;-feliminate-unused-debug-types;
Id flags:  

The output was:
0


Compilation of the CXX compiler identification source "CMakeCXXCompilerId.cpp" produced "a.out"

The CXX compiler identification is GNU, found in "/home/user/Desktop/GP_VALEO_AP/ara-project-R19-11/ara-api/ucm/pkgmgr/Build/CMakeFiles/3.12.2/CompilerIdCXX/a.out"

Determining if the CXX compiler works passed with the following output:
Change Dir: /home/user/Desktop/GP_VALEO_AP/ara-project-R19-11/ara-api/ucm/pkgmgr/Build/CMakeFiles/CMakeTmp

Run Build Command:"/home/user/Desktop/GP_VALEO_AP/ara-project-R19-11/AUTOSAR/sdks/qemux86/sysroots/x86_64-pokysdk-linux/usr/bin/make" "cmTC_1d61c/fast"
/home/user/Desktop/GP_VALEO_AP/ara-project-R19-11/AUTOSAR/sdks/qemux86/sysroots/x86_64-pokysdk-linux/usr/bin/make -f CMakeFiles/cmTC_1d61c.dir/build.make CMakeFiles/cmTC_1d61c.dir/build
make[1]: Entering directory '/home/user/Desktop/GP_VALEO_AP/ara-project-R19-11/ara-api/ucm/pkgmgr/Build/CMakeFiles/CMakeTmp'
Building CXX object CMakeFiles/cmTC_1d61c.dir/testCXXCompiler.cxx.o
/home/user/Desktop/GP_VALEO_AP/ara-project-R19-11/AUTOSAR/sdks/qemux86/sysroots/x86_64-pokysdk-linux/usr/bin/i586-poky-linux/i586-poky-linux-g++   -m32 -march=i586 --sysroot=/home/user/Desktop/GP_VALEO_AP/ara-project-R19-11/AUTOSAR/sdks/qemux86/sysroots/i586-poky-linux --sysroot=/home/user/Desktop/GP_VALEO_AP/ara-project-R19-11/AUTOSAR/sdks/qemux86/sysroots/i586-poky-linux    -O2 -pipe -g -feliminate-unused-debug-types     -o CMakeFiles/cmTC_1d61c.dir/testCXXCompiler.cxx.o -c /home/user/Desktop/GP_VALEO_AP/ara-project-R19-11/ara-api/ucm/pkgmgr/Build/CMakeFiles/CMakeTmp/testCXXCompiler.cxx
Linking CXX executable cmTC_1d61c
/home/user/Desktop/GP_VALEO_AP/ara-project-R19-11/AUTOSAR/sdks/qemux86/sysroots/x86_64-pokysdk-linux/usr/bin/cmake -E cmake_link_script CMakeFiles/cmTC_1d61c.dir/link.txt --verbose=1
/home/user/Desktop/GP_VALEO_AP/ara-project-R19-11/AUTOSAR/sdks/qemux86/sysroots/x86_64-pokysdk-linux/usr/bin/i586-poky-linux/i586-poky-linux-g++   -m32 -march=i586 --sysroot=/home/user/Desktop/GP_VALEO_AP/ara-project-R19-11/AUTOSAR/sdks/qemux86/sysroots/i586-poky-linux --sysroot=/home/user/Desktop/GP_VALEO_AP/ara-project-R19-11/AUTOSAR/sdks/qemux86/sysroots/i586-poky-linux   -O2 -pipe -g -feliminate-unused-debug-types    -Wl,-O1 -Wl,--hash-style=gnu -Wl,--as-needed  CMakeFiles/cmTC_1d61c.dir/testCXXCompiler.cxx.o  -o cmTC_1d61c 
make[1]: Leaving directory '/home/user/Desktop/GP_VALEO_AP/ara-project-R19-11/ara-api/ucm/pkgmgr/Build/CMakeFiles/CMakeTmp'


Detecting CXX compiler ABI info compiled with the following output:
Change Dir: /home/user/Desktop/GP_VALEO_AP/ara-project-R19-11/ara-api/ucm/pkgmgr/Build/CMakeFiles/CMakeTmp

Run Build Command:"/home/user/Desktop/GP_VALEO_AP/ara-project-R19-11/AUTOSAR/sdks/qemux86/sysroots/x86_64-pokysdk-linux/usr/bin/make" "cmTC_e2a4f/fast"
/home/user/Desktop/GP_VALEO_AP/ara-project-R19-11/AUTOSAR/sdks/qemux86/sysroots/x86_64-pokysdk-linux/usr/bin/make -f CMakeFiles/cmTC_e2a4f.dir/build.make CMakeFiles/cmTC_e2a4f.dir/build
make[1]: Entering directory '/home/user/Desktop/GP_VALEO_AP/ara-project-R19-11/ara-api/ucm/pkgmgr/Build/CMakeFiles/CMakeTmp'
Building CXX object CMakeFiles/cmTC_e2a4f.dir/CMakeCXXCompilerABI.cpp.o
/home/user/Desktop/GP_VALEO_AP/ara-project-R19-11/AUTOSAR/sdks/qemux86/sysroots/x86_64-pokysdk-linux/usr/bin/i586-poky-linux/i586-poky-linux-g++   -m32 -march=i586 --sysroot=/home/user/Desktop/GP_VALEO_AP/ara-project-R19-11/AUTOSAR/sdks/qemux86/sysroots/i586-poky-linux --sysroot=/home/user/Desktop/GP_VALEO_AP/ara-project-R19-11/AUTOSAR/sdks/qemux86/sysroots/i586-poky-linux    -O2 -pipe -g -feliminate-unused-debug-types     -o CMakeFiles/cmTC_e2a4f.dir/CMakeCXXCompilerABI.cpp.o -c /home/user/Desktop/GP_VALEO_AP/ara-project-R19-11/AUTOSAR/sdks/qemux86/sysroots/x86_64-pokysdk-linux/usr/share/cmake-3.12/Modules/CMakeCXXCompilerABI.cpp
Linking CXX executable cmTC_e2a4f
/home/user/Desktop/GP_VALEO_AP/ara-project-R19-11/AUTOSAR/sdks/qemux86/sysroots/x86_64-pokysdk-linux/usr/bin/cmake -E cmake_link_script CMakeFiles/cmTC_e2a4f.dir/link.txt --verbose=1
/home/user/Desktop/GP_VALEO_AP/ara-project-R19-11/AUTOSAR/sdks/qemux86/sysroots/x86_64-pokysdk-linux/usr/bin/i586-poky-linux/i586-poky-linux-g++   -m32 -march=i586 --sysroot=/home/user/Desktop/GP_VALEO_AP/ara-project-R19-11/AUTOSAR/sdks/qemux86/sysroots/i586-poky-linux --sysroot=/home/user/Desktop/GP_VALEO_AP/ara-project-R19-11/AUTOSAR/sdks/qemux86/sysroots/i586-poky-linux   -O2 -pipe -g -feliminate-unused-debug-types    -Wl,-O1 -Wl,--hash-style=gnu -Wl,--as-needed -v CMakeFiles/cmTC_e2a4f.dir/CMakeCXXCompilerABI.cpp.o  -o cmTC_e2a4f 
Using built-in specs.
COLLECT_GCC=/home/user/Desktop/GP_VALEO_AP/ara-project-R19-11/AUTOSAR/sdks/qemux86/sysroots/x86_64-pokysdk-linux/usr/bin/i586-poky-linux/i586-poky-linux-g++
COLLECT_LTO_WRAPPER=/home/user/Desktop/GP_VALEO_AP/ara-project-R19-11/AUTOSAR/sdks/qemux86/sysroots/x86_64-pokysdk-linux/usr/libexec/i586-poky-linux/gcc/i586-poky-linux/8.2.0/lto-wrapper
Target: i586-poky-linux
Configured with: ../../../../../../work-shared/gcc-8.2.0-r0/gcc-8.2.0/configure --build=x86_64-linux --host=x86_64-pokysdk-linux --target=i586-poky-linux --prefix=/opt/poky/2.6.4/sysroots/x86_64-pokysdk-linux/usr --exec_prefix=/opt/poky/2.6.4/sysroots/x86_64-pokysdk-linux/usr --bindir=/opt/poky/2.6.4/sysroots/x86_64-pokysdk-linux/usr/bin/i586-poky-linux --sbindir=/opt/poky/2.6.4/sysroots/x86_64-pokysdk-linux/usr/bin/i586-poky-linux --libexecdir=/opt/poky/2.6.4/sysroots/x86_64-pokysdk-linux/usr/libexec/i586-poky-linux --datadir=/opt/poky/2.6.4/sysroots/x86_64-pokysdk-linux/usr/share --sysconfdir=/opt/poky/2.6.4/sysroots/x86_64-pokysdk-linux/etc --sharedstatedir=/opt/poky/2.6.4/sysroots/x86_64-pokysdk-linux/com --localstatedir=/opt/poky/2.6.4/sysroots/x86_64-pokysdk-linux/var --libdir=/opt/poky/2.6.4/sysroots/x86_64-pokysdk-linux/usr/lib/i586-poky-linux --includedir=/opt/poky/2.6.4/sysroots/x86_64-pokysdk-linux/usr/include --oldincludedir=/opt/poky/2.6.4/sysroots/x86_64-pokysdk-linux/usr/include --infodir=/opt/poky/2.6.4/sysroots/x86_64-pokysdk-linux/usr/share/info --mandir=/opt/poky/2.6.4/sysroots/x86_64-pokysdk-linux/usr/share/man --disable-silent-rules --disable-dependency-tracking --with-libtool-sysroot=/home/user/Desktop/GP_VALEO_AP/ara-project-R19-11/build/tmp/work/x86_64-nativesdk-pokysdk-linux/gcc-cross-canadian-i586/8.2.0-r0/recipe-sysroot --with-gnu-ld --enable-shared --enable-languages=c,c++ --enable-threads=posix --enable-multilib --enable-default-pie --enable-c99 --enable-long-long --enable-symvers=gnu --enable-libstdcxx-pch --program-prefix=i586-poky-linux- --without-local-prefix --enable-lto --disable-libssp --enable-libitm --disable-bootstrap --disable-libmudflap --with-system-zlib --with-linker-hash-style=gnu --enable-linker-build-id --with-ppl=no --with-cloog=no --enable-checking=release --enable-cheaders=c_global --without-isl --with-gxx-include-dir=/not/exist/usr/include/c++/8.2.0 --with-build-time-tools=/home/user/Desktop/GP_VALEO_AP/ara-project-R19-11/build/tmp/work/x86_64-nativesdk-pokysdk-linux/gcc-cross-canadian-i586/8.2.0-r0/recipe-sysroot-native/usr/i586-poky-linux/bin --with-sysroot=/not/exist --with-build-sysroot=/home/user/Desktop/GP_VALEO_AP/ara-project-R19-11/build/tmp/work/x86_64-nativesdk-pokysdk-linux/gcc-cross-canadian-i586/8.2.0-r0/recipe-sysroot --without-long-double-128 libgcc_cv_powerpc_float128=no --enable-targets=all --enable-poison-system-directories --disable-static --enable-nls --enable-initfini-array --enable-__cxa_atexit
Thread model: posix
gcc version 8.2.0 (GCC) 
COMPILER_PATH=/home/user/Desktop/GP_VALEO_AP/ara-project-R19-11/AUTOSAR/sdks/qemux86/sysroots/x86_64-pokysdk-linux/usr/libexec/i586-poky-linux/gcc/i586-poky-linux/8.2.0/:/home/user/Desktop/GP_VALEO_AP/ara-project-R19-11/AUTOSAR/sdks/qemux86/sysroots/x86_64-pokysdk-linux/usr/libexec/i586-poky-linux/gcc/i586-poky-linux/8.2.0/:/home/user/Desktop/GP_VALEO_AP/ara-project-R19-11/AUTOSAR/sdks/qemux86/sysroots/x86_64-pokysdk-linux/usr/libexec/i586-poky-linux/gcc/i586-poky-linux/:/home/user/Desktop/GP_VALEO_AP/ara-project-R19-11/AUTOSAR/sdks/qemux86/sysroots/x86_64-pokysdk-linux/usr/lib/i586-poky-linux/gcc/i586-poky-linux/8.2.0/:/home/user/Desktop/GP_VALEO_AP/ara-project-R19-11/AUTOSAR/sdks/qemux86/sysroots/x86_64-pokysdk-linux/usr/lib/i586-poky-linux/gcc/i586-poky-linux/
LIBRARY_PATH=/home/user/Desktop/GP_VALEO_AP/ara-project-R19-11/AUTOSAR/sdks/qemux86/sysroots/x86_64-pokysdk-linux/usr/lib/i586-poky-linux/gcc/i586-poky-linux/8.2.0/:/home/user/Desktop/GP_VALEO_AP/ara-project-R19-11/AUTOSAR/sdks/qemux86/sysroots/i586-poky-linux/lib/../lib/:/home/user/Desktop/GP_VALEO_AP/ara-project-R19-11/AUTOSAR/sdks/qemux86/sysroots/i586-poky-linux/usr/lib/../lib/i586-poky-linux/8.2.0/:/home/user/Desktop/GP_VALEO_AP/ara-project-R19-11/AUTOSAR/sdks/qemux86/sysroots/i586-poky-linux/usr/lib/i586-poky-linux/8.2.0/:/home/user/Desktop/GP_VALEO_AP/ara-project-R19-11/AUTOSAR/sdks/qemux86/sysroots/i586-poky-linux/usr/lib/../lib/:/home/user/Desktop/GP_VALEO_AP/ara-project-R19-11/AUTOSAR/sdks/qemux86/sysroots/i586-poky-linux/lib/:/home/user/Desktop/GP_VALEO_AP/ara-project-R19-11/AUTOSAR/sdks/qemux86/sysroots/i586-poky-linux/usr/lib/
COLLECT_GCC_OPTIONS='--sysroot=/home/user/Desktop/GP_VALEO_AP/ara-project-R19-11/AUTOSAR/sdks/qemux86/sysroots/i586-poky-linux' '-m32' '-march=i586' '-O2' '-pipe' '-g' '-feliminate-unused-debug-types' '-v' '-o' 'cmTC_e2a4f' '-shared-libgcc'
 /home/user/Desktop/GP_VALEO_AP/ara-project-R19-11/AUTOSAR/sdks/qemux86/sysroots/x86_64-pokysdk-linux/usr/libexec/i586-poky-linux/gcc/i586-poky-linux/8.2.0/collect2 -plugin /home/user/Desktop/GP_VALEO_AP/ara-project-R19-11/AUTOSAR/sdks/qemux86/sysroots/x86_64-pokysdk-linux/usr/libexec/i586-poky-linux/gcc/i586-poky-linux/8.2.0/liblto_plugin.so -plugin-opt=/home/user/Desktop/GP_VALEO_AP/ara-project-R19-11/AUTOSAR/sdks/qemux86/sysroots/x86_64-pokysdk-linux/usr/libexec/i586-poky-linux/gcc/i586-poky-linux/8.2.0/lto-wrapper -plugin-opt=-fresolution=/tmp/ccJP6YKl.res -plugin-opt=-pass-through=-lgcc_s -plugin-opt=-pass-through=-lgcc -plugin-opt=-pass-through=-lc -plugin-opt=-pass-through=-lgcc_s -plugin-opt=-pass-through=-lgcc --sysroot=/home/user/Desktop/GP_VALEO_AP/ara-project-R19-11/AUTOSAR/sdks/qemux86/sysroots/i586-poky-linux --build-id --eh-frame-hdr --hash-style=gnu -m elf_i386 -dynamic-linker /lib/ld-linux.so.2 -pie -o cmTC_e2a4f /home/user/Desktop/GP_VALEO_AP/ara-project-R19-11/AUTOSAR/sdks/qemux86/sysroots/i586-poky-linux/usr/lib/../lib/Scrt1.o /home/user/Desktop/GP_VALEO_AP/ara-project-R19-11/AUTOSAR/sdks/qemux86/sysroots/i586-poky-linux/usr/lib/../lib/crti.o /home/user/Desktop/GP_VALEO_AP/ara-project-R19-11/AUTOSAR/sdks/qemux86/sysroots/i586-poky-linux/usr/lib/../lib/i586-poky-linux/8.2.0/crtbeginS.o -L/home/user/Desktop/GP_VALEO_AP/ara-project-R19-11/AUTOSAR/sdks/qemux86/sysroots/x86_64-pokysdk-linux/usr/lib/i586-poky-linux/gcc/i586-poky-linux/8.2.0 -L/home/user/Desktop/GP_VALEO_AP/ara-project-R19-11/AUTOSAR/sdks/qemux86/sysroots/i586-poky-linux/lib/../lib -L/home/user/Desktop/GP_VALEO_AP/ara-project-R19-11/AUTOSAR/sdks/qemux86/sysroots/i586-poky-linux/usr/lib/../lib/i586-poky-linux/8.2.0 -L/home/user/Desktop/GP_VALEO_AP/ara-project-R19-11/AUTOSAR/sdks/qemux86/sysroots/i586-poky-linux/usr/lib/i586-poky-linux/8.2.0 -L/home/user/Desktop/GP_VALEO_AP/ara-project-R19-11/AUTOSAR/sdks/qemux86/sysroots/i586-poky-linux/usr/lib/../lib -L/home/user/Desktop/GP_VALEO_AP/ara-project-R19-11/AUTOSAR/sdks/qemux86/sysroots/i586-poky-linux/lib -L/home/user/Desktop/GP_VALEO_AP/ara-project-R19-11/AUTOSAR/sdks/qemux86/sysroots/i586-poky-linux/usr/lib -O1 --hash-style=gnu --as-needed CMakeFiles/cmTC_e2a4f.dir/CMakeCXXCompilerABI.cpp.o -lstdc++ -lm -lgcc_s -lgcc -lc -lgcc_s -lgcc /home/user/Desktop/GP_VALEO_AP/ara-project-R19-11/AUTOSAR/sdks/qemux86/sysroots/i586-poky-linux/usr/lib/../lib/i586-poky-linux/8.2.0/crtendS.o /home/user/Desktop/GP_VALEO_AP/ara-project-R19-11/AUTOSAR/sdks/qemux86/sysroots/i586-poky-linux/usr/lib/../lib/crtn.o
COLLECT_GCC_OPTIONS='--sysroot=/home/user/Desktop/GP_VALEO_AP/ara-project-R19-11/AUTOSAR/sdks/qemux86/sysroots/i586-poky-linux' '-m32' '-march=i586' '-O2' '-pipe' '-g' '-feliminate-unused-debug-types' '-v' '-o' 'cmTC_e2a4f' '-shared-libgcc'
make[1]: Leaving directory '/home/user/Desktop/GP_VALEO_AP/ara-project-R19-11/ara-api/ucm/pkgmgr/Build/CMakeFiles/CMakeTmp'


Parsed CXX implicit link information from above output:
  link line regex: [^( *|.*[/\])(i586-poky-linux-ld|CMAKE_LINK_STARTFILE-NOTFOUND|([^/\]+-)?ld|collect2)[^/\]*( |$)]
  ignore line: [Change Dir: /home/user/Desktop/GP_VALEO_AP/ara-project-R19-11/ara-api/ucm/pkgmgr/Build/CMakeFiles/CMakeTmp]
  ignore line: []
  ignore line: [Run Build Command:"/home/user/Desktop/GP_VALEO_AP/ara-project-R19-11/AUTOSAR/sdks/qemux86/sysroots/x86_64-pokysdk-linux/usr/bin/make" "cmTC_e2a4f/fast"]
  ignore line: [/home/user/Desktop/GP_VALEO_AP/ara-project-R19-11/AUTOSAR/sdks/qemux86/sysroots/x86_64-pokysdk-linux/usr/bin/make -f CMakeFiles/cmTC_e2a4f.dir/build.make CMakeFiles/cmTC_e2a4f.dir/build]
  ignore line: [make[1]: Entering directory '/home/user/Desktop/GP_VALEO_AP/ara-project-R19-11/ara-api/ucm/pkgmgr/Build/CMakeFiles/CMakeTmp']
  ignore line: [Building CXX object CMakeFiles/cmTC_e2a4f.dir/CMakeCXXCompilerABI.cpp.o]
  ignore line: [/home/user/Desktop/GP_VALEO_AP/ara-project-R19-11/AUTOSAR/sdks/qemux86/sysroots/x86_64-pokysdk-linux/usr/bin/i586-poky-linux/i586-poky-linux-g++   -m32 -march=i586 --sysroot=/home/user/Desktop/GP_VALEO_AP/ara-project-R19-11/AUTOSAR/sdks/qemux86/sysroots/i586-poky-linux --sysroot=/home/user/Desktop/GP_VALEO_AP/ara-project-R19-11/AUTOSAR/sdks/qemux86/sysroots/i586-poky-linux    -O2 -pipe -g -feliminate-unused-debug-types     -o CMakeFiles/cmTC_e2a4f.dir/CMakeCXXCompilerABI.cpp.o -c /home/user/Desktop/GP_VALEO_AP/ara-project-R19-11/AUTOSAR/sdks/qemux86/sysroots/x86_64-pokysdk-linux/usr/share/cmake-3.12/Modules/CMakeCXXCompilerABI.cpp]
  ignore line: [Linking CXX executable cmTC_e2a4f]
  ignore line: [/home/user/Desktop/GP_VALEO_AP/ara-project-R19-11/AUTOSAR/sdks/qemux86/sysroots/x86_64-pokysdk-linux/usr/bin/cmake -E cmake_link_script CMakeFiles/cmTC_e2a4f.dir/link.txt --verbose=1]
  ignore line: [/home/user/Desktop/GP_VALEO_AP/ara-project-R19-11/AUTOSAR/sdks/qemux86/sysroots/x86_64-pokysdk-linux/usr/bin/i586-poky-linux/i586-poky-linux-g++   -m32 -march=i586 --sysroot=/home/user/Desktop/GP_VALEO_AP/ara-project-R19-11/AUTOSAR/sdks/qemux86/sysroots/i586-poky-linux --sysroot=/home/user/Desktop/GP_VALEO_AP/ara-project-R19-11/AUTOSAR/sdks/qemux86/sysroots/i586-poky-linux   -O2 -pipe -g -feliminate-unused-debug-types    -Wl,-O1 -Wl,--hash-style=gnu -Wl,--as-needed -v CMakeFiles/cmTC_e2a4f.dir/CMakeCXXCompilerABI.cpp.o  -o cmTC_e2a4f ]
  ignore line: [Using built-in specs.]
  ignore line: [COLLECT_GCC=/home/user/Desktop/GP_VALEO_AP/ara-project-R19-11/AUTOSAR/sdks/qemux86/sysroots/x86_64-pokysdk-linux/usr/bin/i586-poky-linux/i586-poky-linux-g++]
  ignore line: [COLLECT_LTO_WRAPPER=/home/user/Desktop/GP_VALEO_AP/ara-project-R19-11/AUTOSAR/sdks/qemux86/sysroots/x86_64-pokysdk-linux/usr/libexec/i586-poky-linux/gcc/i586-poky-linux/8.2.0/lto-wrapper]
  ignore line: [Target: i586-poky-linux]
  ignore line: [Configured with: ../../../../../../work-shared/gcc-8.2.0-r0/gcc-8.2.0/configure --build=x86_64-linux --host=x86_64-pokysdk-linux --target=i586-poky-linux --prefix=/opt/poky/2.6.4/sysroots/x86_64-pokysdk-linux/usr --exec_prefix=/opt/poky/2.6.4/sysroots/x86_64-pokysdk-linux/usr --bindir=/opt/poky/2.6.4/sysroots/x86_64-pokysdk-linux/usr/bin/i586-poky-linux --sbindir=/opt/poky/2.6.4/sysroots/x86_64-pokysdk-linux/usr/bin/i586-poky-linux --libexecdir=/opt/poky/2.6.4/sysroots/x86_64-pokysdk-linux/usr/libexec/i586-poky-linux --datadir=/opt/poky/2.6.4/sysroots/x86_64-pokysdk-linux/usr/share --sysconfdir=/opt/poky/2.6.4/sysroots/x86_64-pokysdk-linux/etc --sharedstatedir=/opt/poky/2.6.4/sysroots/x86_64-pokysdk-linux/com --localstatedir=/opt/poky/2.6.4/sysroots/x86_64-pokysdk-linux/var --libdir=/opt/poky/2.6.4/sysroots/x86_64-pokysdk-linux/usr/lib/i586-poky-linux --includedir=/opt/poky/2.6.4/sysroots/x86_64-pokysdk-linux/usr/include --oldincludedir=/opt/poky/2.6.4/sysroots/x86_64-pokysdk-linux/usr/include --infodir=/opt/poky/2.6.4/sysroots/x86_64-pokysdk-linux/usr/share/info --mandir=/opt/poky/2.6.4/sysroots/x86_64-pokysdk-linux/usr/share/man --disable-silent-rules --disable-dependency-tracking --with-libtool-sysroot=/home/user/Desktop/GP_VALEO_AP/ara-project-R19-11/build/tmp/work/x86_64-nativesdk-pokysdk-linux/gcc-cross-canadian-i586/8.2.0-r0/recipe-sysroot --with-gnu-ld --enable-shared --enable-languages=c,c++ --enable-threads=posix --enable-multilib --enable-default-pie --enable-c99 --enable-long-long --enable-symvers=gnu --enable-libstdcxx-pch --program-prefix=i586-poky-linux- --without-local-prefix --enable-lto --disable-libssp --enable-libitm --disable-bootstrap --disable-libmudflap --with-system-zlib --with-linker-hash-style=gnu --enable-linker-build-id --with-ppl=no --with-cloog=no --enable-checking=release --enable-cheaders=c_global --without-isl --with-gxx-include-dir=/not/exist/usr/include/c++/8.2.0 --with-build-time-tools=/home/user/Desktop/GP_VALEO_AP/ara-project-R19-11/build/tmp/work/x86_64-nativesdk-pokysdk-linux/gcc-cross-canadian-i586/8.2.0-r0/recipe-sysroot-native/usr/i586-poky-linux/bin --with-sysroot=/not/exist --with-build-sysroot=/home/user/Desktop/GP_VALEO_AP/ara-project-R19-11/build/tmp/work/x86_64-nativesdk-pokysdk-linux/gcc-cross-canadian-i586/8.2.0-r0/recipe-sysroot --without-long-double-128 libgcc_cv_powerpc_float128=no --enable-targets=all --enable-poison-system-directories --disable-static --enable-nls --enable-initfini-array --enable-__cxa_atexit]
  ignore line: [Thread model: posix]
  ignore line: [gcc version 8.2.0 (GCC) ]
  ignore line: [COMPILER_PATH=/home/user/Desktop/GP_VALEO_AP/ara-project-R19-11/AUTOSAR/sdks/qemux86/sysroots/x86_64-pokysdk-linux/usr/libexec/i586-poky-linux/gcc/i586-poky-linux/8.2.0/:/home/user/Desktop/GP_VALEO_AP/ara-project-R19-11/AUTOSAR/sdks/qemux86/sysroots/x86_64-pokysdk-linux/usr/libexec/i586-poky-linux/gcc/i586-poky-linux/8.2.0/:/home/user/Desktop/GP_VALEO_AP/ara-project-R19-11/AUTOSAR/sdks/qemux86/sysroots/x86_64-pokysdk-linux/usr/libexec/i586-poky-linux/gcc/i586-poky-linux/:/home/user/Desktop/GP_VALEO_AP/ara-project-R19-11/AUTOSAR/sdks/qemux86/sysroots/x86_64-pokysdk-linux/usr/lib/i586-poky-linux/gcc/i586-poky-linux/8.2.0/:/home/user/Desktop/GP_VALEO_AP/ara-project-R19-11/AUTOSAR/sdks/qemux86/sysroots/x86_64-pokysdk-linux/usr/lib/i586-poky-linux/gcc/i586-poky-linux/]
  ignore line: [LIBRARY_PATH=/home/user/Desktop/GP_VALEO_AP/ara-project-R19-11/AUTOSAR/sdks/qemux86/sysroots/x86_64-pokysdk-linux/usr/lib/i586-poky-linux/gcc/i586-poky-linux/8.2.0/:/home/user/Desktop/GP_VALEO_AP/ara-project-R19-11/AUTOSAR/sdks/qemux86/sysroots/i586-poky-linux/lib/../lib/:/home/user/Desktop/GP_VALEO_AP/ara-project-R19-11/AUTOSAR/sdks/qemux86/sysroots/i586-poky-linux/usr/lib/../lib/i586-poky-linux/8.2.0/:/home/user/Desktop/GP_VALEO_AP/ara-project-R19-11/AUTOSAR/sdks/qemux86/sysroots/i586-poky-linux/usr/lib/i586-poky-linux/8.2.0/:/home/user/Desktop/GP_VALEO_AP/ara-project-R19-11/AUTOSAR/sdks/qemux86/sysroots/i586-poky-linux/usr/lib/../lib/:/home/user/Desktop/GP_VALEO_AP/ara-project-R19-11/AUTOSAR/sdks/qemux86/sysroots/i586-poky-linux/lib/:/home/user/Desktop/GP_VALEO_AP/ara-project-R19-11/AUTOSAR/sdks/qemux86/sysroots/i586-poky-linux/usr/lib/]
  ignore line: [COLLECT_GCC_OPTIONS='--sysroot=/home/user/Desktop/GP_VALEO_AP/ara-project-R19-11/AUTOSAR/sdks/qemux86/sysroots/i586-poky-linux' '-m32' '-march=i586' '-O2' '-pipe' '-g' '-feliminate-unused-debug-types' '-v' '-o' 'cmTC_e2a4f' '-shared-libgcc']
  link line: [ /home/user/Desktop/GP_VALEO_AP/ara-project-R19-11/AUTOSAR/sdks/qemux86/sysroots/x86_64-pokysdk-linux/usr/libexec/i586-poky-linux/gcc/i586-poky-linux/8.2.0/collect2 -plugin /home/user/Desktop/GP_VALEO_AP/ara-project-R19-11/AUTOSAR/sdks/qemux86/sysroots/x86_64-pokysdk-linux/usr/libexec/i586-poky-linux/gcc/i586-poky-linux/8.2.0/liblto_plugin.so -plugin-opt=/home/user/Desktop/GP_VALEO_AP/ara-project-R19-11/AUTOSAR/sdks/qemux86/sysroots/x86_64-pokysdk-linux/usr/libexec/i586-poky-linux/gcc/i586-poky-linux/8.2.0/lto-wrapper -plugin-opt=-fresolution=/tmp/ccJP6YKl.res -plugin-opt=-pass-through=-lgcc_s -plugin-opt=-pass-through=-lgcc -plugin-opt=-pass-through=-lc -plugin-opt=-pass-through=-lgcc_s -plugin-opt=-pass-through=-lgcc --sysroot=/home/user/Desktop/GP_VALEO_AP/ara-project-R19-11/AUTOSAR/sdks/qemux86/sysroots/i586-poky-linux --build-id --eh-frame-hdr --hash-style=gnu -m elf_i386 -dynamic-linker /lib/ld-linux.so.2 -pie -o cmTC_e2a4f /home/user/Desktop/GP_VALEO_AP/ara-project-R19-11/AUTOSAR/sdks/qemux86/sysroots/i586-poky-linux/usr/lib/../lib/Scrt1.o /home/user/Desktop/GP_VALEO_AP/ara-project-R19-11/AUTOSAR/sdks/qemux86/sysroots/i586-poky-linux/usr/lib/../lib/crti.o /home/user/Desktop/GP_VALEO_AP/ara-project-R19-11/AUTOSAR/sdks/qemux86/sysroots/i586-poky-linux/usr/lib/../lib/i586-poky-linux/8.2.0/crtbeginS.o -L/home/user/Desktop/GP_VALEO_AP/ara-project-R19-11/AUTOSAR/sdks/qemux86/sysroots/x86_64-pokysdk-linux/usr/lib/i586-poky-linux/gcc/i586-poky-linux/8.2.0 -L/home/user/Desktop/GP_VALEO_AP/ara-project-R19-11/AUTOSAR/sdks/qemux86/sysroots/i586-poky-linux/lib/../lib -L/home/user/Desktop/GP_VALEO_AP/ara-project-R19-11/AUTOSAR/sdks/qemux86/sysroots/i586-poky-linux/usr/lib/../lib/i586-poky-linux/8.2.0 -L/home/user/Desktop/GP_VALEO_AP/ara-project-R19-11/AUTOSAR/sdks/qemux86/sysroots/i586-poky-linux/usr/lib/i586-poky-linux/8.2.0 -L/home/user/Desktop/GP_VALEO_AP/ara-project-R19-11/AUTOSAR/sdks/qemux86/sysroots/i586-poky-linux/usr/lib/../lib -L/home/user/Desktop/GP_VALEO_AP/ara-project-R19-11/AUTOSAR/sdks/qemux86/sysroots/i586-poky-linux/lib -L/home/user/Desktop/GP_VALEO_AP/ara-project-R19-11/AUTOSAR/sdks/qemux86/sysroots/i586-poky-linux/usr/lib -O1 --hash-style=gnu --as-needed CMakeFiles/cmTC_e2a4f.dir/CMakeCXXCompilerABI.cpp.o -lstdc++ -lm -lgcc_s -lgcc -lc -lgcc_s -lgcc /home/user/Desktop/GP_VALEO_AP/ara-project-R19-11/AUTOSAR/sdks/qemux86/sysroots/i586-poky-linux/usr/lib/../lib/i586-poky-linux/8.2.0/crtendS.o /home/user/Desktop/GP_VALEO_AP/ara-project-R19-11/AUTOSAR/sdks/qemux86/sysroots/i586-poky-linux/usr/lib/../lib/crtn.o]
    arg [/home/user/Desktop/GP_VALEO_AP/ara-project-R19-11/AUTOSAR/sdks/qemux86/sysroots/x86_64-pokysdk-linux/usr/libexec/i586-poky-linux/gcc/i586-poky-linux/8.2.0/collect2] ==> ignore
    arg [-plugin] ==> ignore
    arg [/home/user/Desktop/GP_VALEO_AP/ara-project-R19-11/AUTOSAR/sdks/qemux86/sysroots/x86_64-pokysdk-linux/usr/libexec/i586-poky-linux/gcc/i586-poky-linux/8.2.0/liblto_plugin.so] ==> ignore
    arg [-plugin-opt=/home/user/Desktop/GP_VALEO_AP/ara-project-R19-11/AUTOSAR/sdks/qemux86/sysroots/x86_64-pokysdk-linux/usr/libexec/i586-poky-linux/gcc/i586-poky-linux/8.2.0/lto-wrapper] ==> ignore
    arg [-plugin-opt=-fresolution=/tmp/ccJP6YKl.res] ==> ignore
    arg [-plugin-opt=-pass-through=-lgcc_s] ==> ignore
    arg [-plugin-opt=-pass-through=-lgcc] ==> ignore
    arg [-plugin-opt=-pass-through=-lc] ==> ignore
    arg [-plugin-opt=-pass-through=-lgcc_s] ==> ignore
    arg [-plugin-opt=-pass-through=-lgcc] ==> ignore
    arg [--sysroot=/home/user/Desktop/GP_VALEO_AP/ara-project-R19-11/AUTOSAR/sdks/qemux86/sysroots/i586-poky-linux] ==> ignore
    arg [--build-id] ==> ignore
    arg [--eh-frame-hdr] ==> ignore
    arg [--hash-style=gnu] ==> ignore
    arg [-m] ==> ignore
    arg [elf_i386] ==> ignore
    arg [-dynamic-linker] ==> ignore
    arg [/lib/ld-linux.so.2] ==> ignore
    arg [-pie] ==> ignore
    arg [-o] ==> ignore
    arg [cmTC_e2a4f] ==> ignore
    arg [/home/user/Desktop/GP_VALEO_AP/ara-project-R19-11/AUTOSAR/sdks/qemux86/sysroots/i586-poky-linux/usr/lib/../lib/Scrt1.o] ==> ignore
    arg [/home/user/Desktop/GP_VALEO_AP/ara-project-R19-11/AUTOSAR/sdks/qemux86/sysroots/i586-poky-linux/usr/lib/../lib/crti.o] ==> ignore
    arg [/home/user/Desktop/GP_VALEO_AP/ara-project-R19-11/AUTOSAR/sdks/qemux86/sysroots/i586-poky-linux/usr/lib/../lib/i586-poky-linux/8.2.0/crtbeginS.o] ==> ignore
    arg [-L/home/user/Desktop/GP_VALEO_AP/ara-project-R19-11/AUTOSAR/sdks/qemux86/sysroots/x86_64-pokysdk-linux/usr/lib/i586-poky-linux/gcc/i586-poky-linux/8.2.0] ==> dir [/home/user/Desktop/GP_VALEO_AP/ara-project-R19-11/AUTOSAR/sdks/qemux86/sysroots/x86_64-pokysdk-linux/usr/lib/i586-poky-linux/gcc/i586-poky-linux/8.2.0]
    arg [-L/home/user/Desktop/GP_VALEO_AP/ara-project-R19-11/AUTOSAR/sdks/qemux86/sysroots/i586-poky-linux/lib/../lib] ==> dir [/home/user/Desktop/GP_VALEO_AP/ara-project-R19-11/AUTOSAR/sdks/qemux86/sysroots/i586-poky-linux/lib/../lib]
    arg [-L/home/user/Desktop/GP_VALEO_AP/ara-project-R19-11/AUTOSAR/sdks/qemux86/sysroots/i586-poky-linux/usr/lib/../lib/i586-poky-linux/8.2.0] ==> dir [/home/user/Desktop/GP_VALEO_AP/ara-project-R19-11/AUTOSAR/sdks/qemux86/sysroots/i586-poky-linux/usr/lib/../lib/i586-poky-linux/8.2.0]
    arg [-L/home/user/Desktop/GP_VALEO_AP/ara-project-R19-11/AUTOSAR/sdks/qemux86/sysroots/i586-poky-linux/usr/lib/i586-poky-linux/8.2.0] ==> dir [/home/user/Desktop/GP_VALEO_AP/ara-project-R19-11/AUTOSAR/sdks/qemux86/sysroots/i586-poky-linux/usr/lib/i586-poky-linux/8.2.0]
    arg [-L/home/user/Desktop/GP_VALEO_AP/ara-project-R19-11/AUTOSAR/sdks/qemux86/sysroots/i586-poky-linux/usr/lib/../lib] ==> dir [/home/user/Desktop/GP_VALEO_AP/ara-project-R19-11/AUTOSAR/sdks/qemux86/sysroots/i586-poky-linux/usr/lib/../lib]
    arg [-L/home/user/Desktop/GP_VALEO_AP/ara-project-R19-11/AUTOSAR/sdks/qemux86/sysroots/i586-poky-linux/lib] ==> dir [/home/user/Desktop/GP_VALEO_AP/ara-project-R19-11/AUTOSAR/sdks/qemux86/sysroots/i586-poky-linux/lib]
    arg [-L/home/user/Desktop/GP_VALEO_AP/ara-project-R19-11/AUTOSAR/sdks/qemux86/sysroots/i586-poky-linux/usr/lib] ==> dir [/home/user/Desktop/GP_VALEO_AP/ara-project-R19-11/AUTOSAR/sdks/qemux86/sysroots/i586-poky-linux/usr/lib]
    arg [-O1] ==> ignore
    arg [--hash-style=gnu] ==> ignore
    arg [--as-needed] ==> ignore
    arg [CMakeFiles/cmTC_e2a4f.dir/CMakeCXXCompilerABI.cpp.o] ==> ignore
    arg [-lstdc++] ==> lib [stdc++]
    arg [-lm] ==> lib [m]
    arg [-lgcc_s] ==> lib [gcc_s]
    arg [-lgcc] ==> lib [gcc]
    arg [-lc] ==> lib [c]
    arg [-lgcc_s] ==> lib [gcc_s]
    arg [-lgcc] ==> lib [gcc]
    arg [/home/user/Desktop/GP_VALEO_AP/ara-project-R19-11/AUTOSAR/sdks/qemux86/sysroots/i586-poky-linux/usr/lib/../lib/i586-poky-linux/8.2.0/crtendS.o] ==> ignore
    arg [/home/user/Desktop/GP_VALEO_AP/ara-project-R19-11/AUTOSAR/sdks/qemux86/sysroots/i586-poky-linux/usr/lib/../lib/crtn.o] ==> ignore
  collapse library dir [/home/user/Desktop/GP_VALEO_AP/ara-project-R19-11/AUTOSAR/sdks/qemux86/sysroots/x86_64-pokysdk-linux/usr/lib/i586-poky-linux/gcc/i586-poky-linux/8.2.0] ==> [/home/user/Desktop/GP_VALEO_AP/ara-project-R19-11/AUTOSAR/sdks/qemux86/sysroots/x86_64-pokysdk-linux/usr/lib/i586-poky-linux/gcc/i586-poky-linux/8.2.0]
  collapse library dir [/home/user/Desktop/GP_VALEO_AP/ara-project-R19-11/AUTOSAR/sdks/qemux86/sysroots/i586-poky-linux/lib/../lib] ==> [/home/user/Desktop/GP_VALEO_AP/ara-project-R19-11/AUTOSAR/sdks/qemux86/sysroots/i586-poky-linux/lib]
  collapse library dir [/home/user/Desktop/GP_VALEO_AP/ara-project-R19-11/AUTOSAR/sdks/qemux86/sysroots/i586-poky-linux/usr/lib/../lib/i586-poky-linux/8.2.0] ==> [/home/user/Desktop/GP_VALEO_AP/ara-project-R19-11/AUTOSAR/sdks/qemux86/sysroots/i586-poky-linux/usr/lib/i586-poky-linux/8.2.0]
  collapse library dir [/home/user/Desktop/GP_VALEO_AP/ara-project-R19-11/AUTOSAR/sdks/qemux86/sysroots/i586-poky-linux/usr/lib/i586-poky-linux/8.2.0] ==> [/home/user/Desktop/GP_VALEO_AP/ara-project-R19-11/AUTOSAR/sdks/qemux86/sysroots/i586-poky-linux/usr/lib/i586-poky-linux/8.2.0]
  collapse library dir [/home/user/Desktop/GP_VALEO_AP/ara-project-R19-11/AUTOSAR/sdks/qemux86/sysroots/i586-poky-linux/usr/lib/../lib] ==> [/home/user/Desktop/GP_VALEO_AP/ara-project-R19-11/AUTOSAR/sdks/qemux86/sysroots/i586-poky-linux/usr/lib]
  collapse library dir [/home/user/Desktop/GP_VALEO_AP/ara-project-R19-11/AUTOSAR/sdks/qemux86/sysroots/i586-poky-linux/lib] ==> [/home/user/Desktop/GP_VALEO_AP/ara-project-R19-11/AUTOSAR/sdks/qemux86/sysroots/i586-poky-linux/lib]
  collapse library dir [/home/user/Desktop/GP_VALEO_AP/ara-project-R19-11/AUTOSAR/sdks/qemux86/sysroots/i586-poky-linux/usr/lib] ==> [/home/user/Desktop/GP_VALEO_AP/ara-project-R19-11/AUTOSAR/sdks/qemux86/sysroots/i586-poky-linux/usr/lib]
  implicit libs: [stdc++;m;gcc_s;gcc;c;gcc_s;gcc]
  implicit dirs: [/home/user/Desktop/GP_VALEO_AP/ara-project-R19-11/AUTOSAR/sdks/qemux86/sysroots/x86_64-pokysdk-linux/usr/lib/i586-poky-linux/gcc/i586-poky-linux/8.2.0;/home/user/Desktop/GP_VALEO_AP/ara-project-R19-11/AUTOSAR/sdks/qemux86/sysroots/i586-poky-linux/lib;/home/user/Desktop/GP_VALEO_AP/ara-project-R19-11/AUTOSAR/sdks/qemux86/sysroots/i586-poky-linux/usr/lib/i586-poky-linux/8.2.0;/home/user/Desktop/GP_VALEO_AP/ara-project-R19-11/AUTOSAR/sdks/qemux86/sysroots/i586-poky-linux/usr/lib]
  implicit fwks: []




Detecting CXX [-std=c++2a] compiler features compiled with the following output:
Change Dir: /home/user/Desktop/GP_VALEO_AP/ara-project-R19-11/ara-api/ucm/pkgmgr/Build/CMakeFiles/CMakeTmp

Run Build Command:"/home/user/Desktop/GP_VALEO_AP/ara-project-R19-11/AUTOSAR/sdks/qemux86/sysroots/x86_64-pokysdk-linux/usr/bin/make" "cmTC_e02b1/fast"
/home/user/Desktop/GP_VALEO_AP/ara-project-R19-11/AUTOSAR/sdks/qemux86/sysroots/x86_64-pokysdk-linux/usr/bin/make -f CMakeFiles/cmTC_e02b1.dir/build.make CMakeFiles/cmTC_e02b1.dir/build
make[1]: Entering directory '/home/user/Desktop/GP_VALEO_AP/ara-project-R19-11/ara-api/ucm/pkgmgr/Build/CMakeFiles/CMakeTmp'
Building CXX object CMakeFiles/cmTC_e02b1.dir/feature_tests.cxx.o
/home/user/Desktop/GP_VALEO_AP/ara-project-R19-11/AUTOSAR/sdks/qemux86/sysroots/x86_64-pokysdk-linux/usr/bin/i586-poky-linux/i586-poky-linux-g++   -m32 -march=i586 --sysroot=/home/user/Desktop/GP_VALEO_AP/ara-project-R19-11/AUTOSAR/sdks/qemux86/sysroots/i586-poky-linux --sysroot=/home/user/Desktop/GP_VALEO_AP/ara-project-R19-11/AUTOSAR/sdks/qemux86/sysroots/i586-poky-linux    -O2 -pipe -g -feliminate-unused-debug-types     -std=c++2a -o CMakeFiles/cmTC_e02b1.dir/feature_tests.cxx.o -c /home/user/Desktop/GP_VALEO_AP/ara-project-R19-11/ara-api/ucm/pkgmgr/Build/CMakeFiles/feature_tests.cxx
Linking CXX executable cmTC_e02b1
/home/user/Desktop/GP_VALEO_AP/ara-project-R19-11/AUTOSAR/sdks/qemux86/sysroots/x86_64-pokysdk-linux/usr/bin/cmake -E cmake_link_script CMakeFiles/cmTC_e02b1.dir/link.txt --verbose=1
/home/user/Desktop/GP_VALEO_AP/ara-project-R19-11/AUTOSAR/sdks/qemux86/sysroots/x86_64-pokysdk-linux/usr/bin/i586-poky-linux/i586-poky-linux-g++   -m32 -march=i586 --sysroot=/home/user/Desktop/GP_VALEO_AP/ara-project-R19-11/AUTOSAR/sdks/qemux86/sysroots/i586-poky-linux --sysroot=/home/user/Desktop/GP_VALEO_AP/ara-project-R19-11/AUTOSAR/sdks/qemux86/sysroots/i586-poky-linux   -O2 -pipe -g -feliminate-unused-debug-types    -Wl,-O1 -Wl,--hash-style=gnu -Wl,--as-needed  CMakeFiles/cmTC_e02b1.dir/feature_tests.cxx.o  -o cmTC_e02b1 
make[1]: Leaving directory '/home/user/Desktop/GP_VALEO_AP/ara-project-R19-11/ara-api/ucm/pkgmgr/Build/CMakeFiles/CMakeTmp'


    Feature record: CXX_FEATURE:1cxx_aggregate_default_initializers
    Feature record: CXX_FEATURE:1cxx_alias_templates
    Feature record: CXX_FEATURE:1cxx_alignas
    Feature record: CXX_FEATURE:1cxx_alignof
    Feature record: CXX_FEATURE:1cxx_attributes
    Feature record: CXX_FEATURE:1cxx_attribute_deprecated
    Feature record: CXX_FEATURE:1cxx_auto_type
    Feature record: CXX_FEATURE:1cxx_binary_literals
    Feature record: CXX_FEATURE:1cxx_constexpr
    Feature record: CXX_FEATURE:1cxx_contextual_conversions
    Feature record: CXX_FEATURE:1cxx_decltype
    Feature record: CXX_FEATURE:1cxx_decltype_auto
    Feature record: CXX_FEATURE:1cxx_decltype_incomplete_return_types
    Feature record: CXX_FEATURE:1cxx_default_function_template_args
    Feature record: CXX_FEATURE:1cxx_defaulted_functions
    Feature record: CXX_FEATURE:1cxx_defaulted_move_initializers
    Feature record: CXX_FEATURE:1cxx_delegating_constructors
    Feature record: CXX_FEATURE:1cxx_deleted_functions
    Feature record: CXX_FEATURE:1cxx_digit_separators
    Feature record: CXX_FEATURE:1cxx_enum_forward_declarations
    Feature record: CXX_FEATURE:1cxx_explicit_conversions
    Feature record: CXX_FEATURE:1cxx_extended_friend_declarations
    Feature record: CXX_FEATURE:1cxx_extern_templates
    Feature record: CXX_FEATURE:1cxx_final
    Feature record: CXX_FEATURE:1cxx_func_identifier
    Feature record: CXX_FEATURE:1cxx_generalized_initializers
    Feature record: CXX_FEATURE:1cxx_generic_lambdas
    Feature record: CXX_FEATURE:1cxx_inheriting_constructors
    Feature record: CXX_FEATURE:1cxx_inline_namespaces
    Feature record: CXX_FEATURE:1cxx_lambdas
    Feature record: CXX_FEATURE:1cxx_lambda_init_captures
    Feature record: CXX_FEATURE:1cxx_local_type_template_args
    Feature record: CXX_FEATURE:1cxx_long_long_type
    Feature record: CXX_FEATURE:1cxx_noexcept
    Feature record: CXX_FEATURE:1cxx_nonstatic_member_init
    Feature record: CXX_FEATURE:1cxx_nullptr
    Feature record: CXX_FEATURE:1cxx_override
    Feature record: CXX_FEATURE:1cxx_range_for
    Feature record: CXX_FEATURE:1cxx_raw_string_literals
    Feature record: CXX_FEATURE:1cxx_reference_qualified_functions
    Feature record: CXX_FEATURE:1cxx_relaxed_constexpr
    Feature record: CXX_FEATURE:1cxx_return_type_deduction
    Feature record: CXX_FEATURE:1cxx_right_angle_brackets
    Feature record: CXX_FEATURE:1cxx_rvalue_references
    Feature record: CXX_FEATURE:1cxx_sizeof_member
    Feature record: CXX_FEATURE:1cxx_static_assert
    Feature record: CXX_FEATURE:1cxx_strong_enums
    Feature record: CXX_FEATURE:1cxx_template_template_parameters
    Feature record: CXX_FEATURE:1cxx_thread_local
    Feature record: CXX_FEATURE:1cxx_trailing_return_types
    Feature record: CXX_FEATURE:1cxx_unicode_literals
    Feature record: CXX_FEATURE:1cxx_uniform_initialization
    Feature record: CXX_FEATURE:1cxx_unrestricted_unions
    Feature record: CXX_FEATURE:1cxx_user_literals
    Feature record: CXX_FEATURE:1cxx_variable_templates
    Feature record: CXX_FEATURE:1cxx_variadic_macros
    Feature record: CXX_FEATURE:1cxx_variadic_templates


Detecting CXX [-std=c++17] compiler features compiled with the following output:
Change Dir: /home/user/Desktop/GP_VALEO_AP/ara-project-R19-11/ara-api/ucm/pkgmgr/Build/CMakeFiles/CMakeTmp

Run Build Command:"/home/user/Desktop/GP_VALEO_AP/ara-project-R19-11/AUTOSAR/sdks/qemux86/sysroots/x86_64-pokysdk-linux/usr/bin/make" "cmTC_189a3/fast"
/home/user/Desktop/GP_VALEO_AP/ara-project-R19-11/AUTOSAR/sdks/qemux86/sysroots/x86_64-pokysdk-linux/usr/bin/make -f CMakeFiles/cmTC_189a3.dir/build.make CMakeFiles/cmTC_189a3.dir/build
make[1]: Entering directory '/home/user/Desktop/GP_VALEO_AP/ara-project-R19-11/ara-api/ucm/pkgmgr/Build/CMakeFiles/CMakeTmp'
Building CXX object CMakeFiles/cmTC_189a3.dir/feature_tests.cxx.o
/home/user/Desktop/GP_VALEO_AP/ara-project-R19-11/AUTOSAR/sdks/qemux86/sysroots/x86_64-pokysdk-linux/usr/bin/i586-poky-linux/i586-poky-linux-g++   -m32 -march=i586 --sysroot=/home/user/Desktop/GP_VALEO_AP/ara-project-R19-11/AUTOSAR/sdks/qemux86/sysroots/i586-poky-linux --sysroot=/home/user/Desktop/GP_VALEO_AP/ara-project-R19-11/AUTOSAR/sdks/qemux86/sysroots/i586-poky-linux    -O2 -pipe -g -feliminate-unused-debug-types     -std=c++17 -o CMakeFiles/cmTC_189a3.dir/feature_tests.cxx.o -c /home/user/Desktop/GP_VALEO_AP/ara-project-R19-11/ara-api/ucm/pkgmgr/Build/CMakeFiles/feature_tests.cxx
Linking CXX executable cmTC_189a3
/home/user/Desktop/GP_VALEO_AP/ara-project-R19-11/AUTOSAR/sdks/qemux86/sysroots/x86_64-pokysdk-linux/usr/bin/cmake -E cmake_link_script CMakeFiles/cmTC_189a3.dir/link.txt --verbose=1
/home/user/Desktop/GP_VALEO_AP/ara-project-R19-11/AUTOSAR/sdks/qemux86/sysroots/x86_64-pokysdk-linux/usr/bin/i586-poky-linux/i586-poky-linux-g++   -m32 -march=i586 --sysroot=/home/user/Desktop/GP_VALEO_AP/ara-project-R19-11/AUTOSAR/sdks/qemux86/sysroots/i586-poky-linux --sysroot=/home/user/Desktop/GP_VALEO_AP/ara-project-R19-11/AUTOSAR/sdks/qemux86/sysroots/i586-poky-linux   -O2 -pipe -g -feliminate-unused-debug-types    -Wl,-O1 -Wl,--hash-style=gnu -Wl,--as-needed  CMakeFiles/cmTC_189a3.dir/feature_tests.cxx.o  -o cmTC_189a3 
make[1]: Leaving directory '/home/user/Desktop/GP_VALEO_AP/ara-project-R19-11/ara-api/ucm/pkgmgr/Build/CMakeFiles/CMakeTmp'


    Feature record: CXX_FEATURE:1cxx_aggregate_default_initializers
    Feature record: CXX_FEATURE:1cxx_alias_templates
    Feature record: CXX_FEATURE:1cxx_alignas
    Feature record: CXX_FEATURE:1cxx_alignof
    Feature record: CXX_FEATURE:1cxx_attributes
    Feature record: CXX_FEATURE:1cxx_attribute_deprecated
    Feature record: CXX_FEATURE:1cxx_auto_type
    Feature record: CXX_FEATURE:1cxx_binary_literals
    Feature record: CXX_FEATURE:1cxx_constexpr
    Feature record: CXX_FEATURE:1cxx_contextual_conversions
    Feature record: CXX_FEATURE:1cxx_decltype
    Feature record: CXX_FEATURE:1cxx_decltype_auto
    Feature record: CXX_FEATURE:1cxx_decltype_incomplete_return_types
    Feature record: CXX_FEATURE:1cxx_default_function_template_args
    Feature record: CXX_FEATURE:1cxx_defaulted_functions
    Feature record: CXX_FEATURE:1cxx_defaulted_move_initializers
    Feature record: CXX_FEATURE:1cxx_delegating_constructors
    Feature record: CXX_FEATURE:1cxx_deleted_functions
    Feature record: CXX_FEATURE:1cxx_digit_separators
    Feature record: CXX_FEATURE:1cxx_enum_forward_declarations
    Feature record: CXX_FEATURE:1cxx_explicit_conversions
    Feature record: CXX_FEATURE:1cxx_extended_friend_declarations
    Feature record: CXX_FEATURE:1cxx_extern_templates
    Feature record: CXX_FEATURE:1cxx_final
    Feature record: CXX_FEATURE:1cxx_func_identifier
    Feature record: CXX_FEATURE:1cxx_generalized_initializers
    Feature record: CXX_FEATURE:1cxx_generic_lambdas
    Feature record: CXX_FEATURE:1cxx_inheriting_constructors
    Feature record: CXX_FEATURE:1cxx_inline_namespaces
    Feature record: CXX_FEATURE:1cxx_lambdas
    Feature record: CXX_FEATURE:1cxx_lambda_init_captures
    Feature record: CXX_FEATURE:1cxx_local_type_template_args
    Feature record: CXX_FEATURE:1cxx_long_long_type
    Feature record: CXX_FEATURE:1cxx_noexcept
    Feature record: CXX_FEATURE:1cxx_nonstatic_member_init
    Feature record: CXX_FEATURE:1cxx_nullptr
    Feature record: CXX_FEATURE:1cxx_override
    Feature record: CXX_FEATURE:1cxx_range_for
    Feature record: CXX_FEATURE:1cxx_raw_string_literals
    Feature record: CXX_FEATURE:1cxx_reference_qualified_functions
    Feature record: CXX_FEATURE:1cxx_relaxed_constexpr
    Feature record: CXX_FEATURE:1cxx_return_type_deduction
    Feature record: CXX_FEATURE:1cxx_right_angle_brackets
    Feature record: CXX_FEATURE:1cxx_rvalue_references
    Feature record: CXX_FEATURE:1cxx_sizeof_member
    Feature record: CXX_FEATURE:1cxx_static_assert
    Feature record: CXX_FEATURE:1cxx_strong_enums
    Feature record: CXX_FEATURE:1cxx_template_template_parameters
    Feature record: CXX_FEATURE:1cxx_thread_local
    Feature record: CXX_FEATURE:1cxx_trailing_return_types
    Feature record: CXX_FEATURE:1cxx_unicode_literals
    Feature record: CXX_FEATURE:1cxx_uniform_initialization
    Feature record: CXX_FEATURE:1cxx_unrestricted_unions
    Feature record: CXX_FEATURE:1cxx_user_literals
    Feature record: CXX_FEATURE:1cxx_variable_templates
    Feature record: CXX_FEATURE:1cxx_variadic_macros
    Feature record: CXX_FEATURE:1cxx_variadic_templates


Detecting CXX [-std=c++14] compiler features compiled with the following output:
Change Dir: /home/user/Desktop/GP_VALEO_AP/ara-project-R19-11/ara-api/ucm/pkgmgr/Build/CMakeFiles/CMakeTmp

Run Build Command:"/home/user/Desktop/GP_VALEO_AP/ara-project-R19-11/AUTOSAR/sdks/qemux86/sysroots/x86_64-pokysdk-linux/usr/bin/make" "cmTC_ab55e/fast"
/home/user/Desktop/GP_VALEO_AP/ara-project-R19-11/AUTOSAR/sdks/qemux86/sysroots/x86_64-pokysdk-linux/usr/bin/make -f CMakeFiles/cmTC_ab55e.dir/build.make CMakeFiles/cmTC_ab55e.dir/build
make[1]: Entering directory '/home/user/Desktop/GP_VALEO_AP/ara-project-R19-11/ara-api/ucm/pkgmgr/Build/CMakeFiles/CMakeTmp'
Building CXX object CMakeFiles/cmTC_ab55e.dir/feature_tests.cxx.o
/home/user/Desktop/GP_VALEO_AP/ara-project-R19-11/AUTOSAR/sdks/qemux86/sysroots/x86_64-pokysdk-linux/usr/bin/i586-poky-linux/i586-poky-linux-g++   -m32 -march=i586 --sysroot=/home/user/Desktop/GP_VALEO_AP/ara-project-R19-11/AUTOSAR/sdks/qemux86/sysroots/i586-poky-linux --sysroot=/home/user/Desktop/GP_VALEO_AP/ara-project-R19-11/AUTOSAR/sdks/qemux86/sysroots/i586-poky-linux    -O2 -pipe -g -feliminate-unused-debug-types     -std=c++14 -o CMakeFiles/cmTC_ab55e.dir/feature_tests.cxx.o -c /home/user/Desktop/GP_VALEO_AP/ara-project-R19-11/ara-api/ucm/pkgmgr/Build/CMakeFiles/feature_tests.cxx
Linking CXX executable cmTC_ab55e
/home/user/Desktop/GP_VALEO_AP/ara-project-R19-11/AUTOSAR/sdks/qemux86/sysroots/x86_64-pokysdk-linux/usr/bin/cmake -E cmake_link_script CMakeFiles/cmTC_ab55e.dir/link.txt --verbose=1
/home/user/Desktop/GP_VALEO_AP/ara-project-R19-11/AUTOSAR/sdks/qemux86/sysroots/x86_64-pokysdk-linux/usr/bin/i586-poky-linux/i586-poky-linux-g++   -m32 -march=i586 --sysroot=/home/user/Desktop/GP_VALEO_AP/ara-project-R19-11/AUTOSAR/sdks/qemux86/sysroots/i586-poky-linux --sysroot=/home/user/Desktop/GP_VALEO_AP/ara-project-R19-11/AUTOSAR/sdks/qemux86/sysroots/i586-poky-linux   -O2 -pipe -g -feliminate-unused-debug-types    -Wl,-O1 -Wl,--hash-style=gnu -Wl,--as-needed  CMakeFiles/cmTC_ab55e.dir/feature_tests.cxx.o  -o cmTC_ab55e 
make[1]: Leaving directory '/home/user/Desktop/GP_VALEO_AP/ara-project-R19-11/ara-api/ucm/pkgmgr/Build/CMakeFiles/CMakeTmp'


    Feature record: CXX_FEATURE:1cxx_aggregate_default_initializers
    Feature record: CXX_FEATURE:1cxx_alias_templates
    Feature record: CXX_FEATURE:1cxx_alignas
    Feature record: CXX_FEATURE:1cxx_alignof
    Feature record: CXX_FEATURE:1cxx_attributes
    Feature record: CXX_FEATURE:1cxx_attribute_deprecated
    Feature record: CXX_FEATURE:1cxx_auto_type
    Feature record: CXX_FEATURE:1cxx_binary_literals
    Feature record: CXX_FEATURE:1cxx_constexpr
    Feature record: CXX_FEATURE:1cxx_contextual_conversions
    Feature record: CXX_FEATURE:1cxx_decltype
    Feature record: CXX_FEATURE:1cxx_decltype_auto
    Feature record: CXX_FEATURE:1cxx_decltype_incomplete_return_types
    Feature record: CXX_FEATURE:1cxx_default_function_template_args
    Feature record: CXX_FEATURE:1cxx_defaulted_functions
    Feature record: CXX_FEATURE:1cxx_defaulted_move_initializers
    Feature record: CXX_FEATURE:1cxx_delegating_constructors
    Feature record: CXX_FEATURE:1cxx_deleted_functions
    Feature record: CXX_FEATURE:1cxx_digit_separators
    Feature record: CXX_FEATURE:1cxx_enum_forward_declarations
    Feature record: CXX_FEATURE:1cxx_explicit_conversions
    Feature record: CXX_FEATURE:1cxx_extended_friend_declarations
    Feature record: CXX_FEATURE:1cxx_extern_templates
    Feature record: CXX_FEATURE:1cxx_final
    Feature record: CXX_FEATURE:1cxx_func_identifier
    Feature record: CXX_FEATURE:1cxx_generalized_initializers
    Feature record: CXX_FEATURE:1cxx_generic_lambdas
    Feature record: CXX_FEATURE:1cxx_inheriting_constructors
    Feature record: CXX_FEATURE:1cxx_inline_namespaces
    Feature record: CXX_FEATURE:1cxx_lambdas
    Feature record: CXX_FEATURE:1cxx_lambda_init_captures
    Feature record: CXX_FEATURE:1cxx_local_type_template_args
    Feature record: CXX_FEATURE:1cxx_long_long_type
    Feature record: CXX_FEATURE:1cxx_noexcept
    Feature record: CXX_FEATURE:1cxx_nonstatic_member_init
    Feature record: CXX_FEATURE:1cxx_nullptr
    Feature record: CXX_FEATURE:1cxx_override
    Feature record: CXX_FEATURE:1cxx_range_for
    Feature record: CXX_FEATURE:1cxx_raw_string_literals
    Feature record: CXX_FEATURE:1cxx_reference_qualified_functions
    Feature record: CXX_FEATURE:1cxx_relaxed_constexpr
    Feature record: CXX_FEATURE:1cxx_return_type_deduction
    Feature record: CXX_FEATURE:1cxx_right_angle_brackets
    Feature record: CXX_FEATURE:1cxx_rvalue_references
    Feature record: CXX_FEATURE:1cxx_sizeof_member
    Feature record: CXX_FEATURE:1cxx_static_assert
    Feature record: CXX_FEATURE:1cxx_strong_enums
    Feature record: CXX_FEATURE:1cxx_template_template_parameters
    Feature record: CXX_FEATURE:1cxx_thread_local
    Feature record: CXX_FEATURE:1cxx_trailing_return_types
    Feature record: CXX_FEATURE:1cxx_unicode_literals
    Feature record: CXX_FEATURE:1cxx_uniform_initialization
    Feature record: CXX_FEATURE:1cxx_unrestricted_unions
    Feature record: CXX_FEATURE:1cxx_user_literals
    Feature record: CXX_FEATURE:1cxx_variable_templates
    Feature record: CXX_FEATURE:1cxx_variadic_macros
    Feature record: CXX_FEATURE:1cxx_variadic_templates


Detecting CXX [-std=c++11] compiler features compiled with the following output:
Change Dir: /home/user/Desktop/GP_VALEO_AP/ara-project-R19-11/ara-api/ucm/pkgmgr/Build/CMakeFiles/CMakeTmp

Run Build Command:"/home/user/Desktop/GP_VALEO_AP/ara-project-R19-11/AUTOSAR/sdks/qemux86/sysroots/x86_64-pokysdk-linux/usr/bin/make" "cmTC_e3537/fast"
/home/user/Desktop/GP_VALEO_AP/ara-project-R19-11/AUTOSAR/sdks/qemux86/sysroots/x86_64-pokysdk-linux/usr/bin/make -f CMakeFiles/cmTC_e3537.dir/build.make CMakeFiles/cmTC_e3537.dir/build
make[1]: Entering directory '/home/user/Desktop/GP_VALEO_AP/ara-project-R19-11/ara-api/ucm/pkgmgr/Build/CMakeFiles/CMakeTmp'
Building CXX object CMakeFiles/cmTC_e3537.dir/feature_tests.cxx.o
/home/user/Desktop/GP_VALEO_AP/ara-project-R19-11/AUTOSAR/sdks/qemux86/sysroots/x86_64-pokysdk-linux/usr/bin/i586-poky-linux/i586-poky-linux-g++   -m32 -march=i586 --sysroot=/home/user/Desktop/GP_VALEO_AP/ara-project-R19-11/AUTOSAR/sdks/qemux86/sysroots/i586-poky-linux --sysroot=/home/user/Desktop/GP_VALEO_AP/ara-project-R19-11/AUTOSAR/sdks/qemux86/sysroots/i586-poky-linux    -O2 -pipe -g -feliminate-unused-debug-types     -std=c++11 -o CMakeFiles/cmTC_e3537.dir/feature_tests.cxx.o -c /home/user/Desktop/GP_VALEO_AP/ara-project-R19-11/ara-api/ucm/pkgmgr/Build/CMakeFiles/feature_tests.cxx
Linking CXX executable cmTC_e3537
/home/user/Desktop/GP_VALEO_AP/ara-project-R19-11/AUTOSAR/sdks/qemux86/sysroots/x86_64-pokysdk-linux/usr/bin/cmake -E cmake_link_script CMakeFiles/cmTC_e3537.dir/link.txt --verbose=1
/home/user/Desktop/GP_VALEO_AP/ara-project-R19-11/AUTOSAR/sdks/qemux86/sysroots/x86_64-pokysdk-linux/usr/bin/i586-poky-linux/i586-poky-linux-g++   -m32 -march=i586 --sysroot=/home/user/Desktop/GP_VALEO_AP/ara-project-R19-11/AUTOSAR/sdks/qemux86/sysroots/i586-poky-linux --sysroot=/home/user/Desktop/GP_VALEO_AP/ara-project-R19-11/AUTOSAR/sdks/qemux86/sysroots/i586-poky-linux   -O2 -pipe -g -feliminate-unused-debug-types    -Wl,-O1 -Wl,--hash-style=gnu -Wl,--as-needed  CMakeFiles/cmTC_e3537.dir/feature_tests.cxx.o  -o cmTC_e3537 
make[1]: Leaving directory '/home/user/Desktop/GP_VALEO_AP/ara-project-R19-11/ara-api/ucm/pkgmgr/Build/CMakeFiles/CMakeTmp'


    Feature record: CXX_FEATURE:0cxx_aggregate_default_initializers
    Feature record: CXX_FEATURE:1cxx_alias_templates
    Feature record: CXX_FEATURE:1cxx_alignas
    Feature record: CXX_FEATURE:1cxx_alignof
    Feature record: CXX_FEATURE:1cxx_attributes
    Feature record: CXX_FEATURE:0cxx_attribute_deprecated
    Feature record: CXX_FEATURE:1cxx_auto_type
    Feature record: CXX_FEATURE:0cxx_binary_literals
    Feature record: CXX_FEATURE:1cxx_constexpr
    Feature record: CXX_FEATURE:0cxx_contextual_conversions
    Feature record: CXX_FEATURE:1cxx_decltype
    Feature record: CXX_FEATURE:0cxx_decltype_auto
    Feature record: CXX_FEATURE:1cxx_decltype_incomplete_return_types
    Feature record: CXX_FEATURE:1cxx_default_function_template_args
    Feature record: CXX_FEATURE:1cxx_defaulted_functions
    Feature record: CXX_FEATURE:1cxx_defaulted_move_initializers
    Feature record: CXX_FEATURE:1cxx_delegating_constructors
    Feature record: CXX_FEATURE:1cxx_deleted_functions
    Feature record: CXX_FEATURE:0cxx_digit_separators
    Feature record: CXX_FEATURE:1cxx_enum_forward_declarations
    Feature record: CXX_FEATURE:1cxx_explicit_conversions
    Feature record: CXX_FEATURE:1cxx_extended_friend_declarations
    Feature record: CXX_FEATURE:1cxx_extern_templates
    Feature record: CXX_FEATURE:1cxx_final
    Feature record: CXX_FEATURE:1cxx_func_identifier
    Feature record: CXX_FEATURE:1cxx_generalized_initializers
    Feature record: CXX_FEATURE:0cxx_generic_lambdas
    Feature record: CXX_FEATURE:1cxx_inheriting_constructors
    Feature record: CXX_FEATURE:1cxx_inline_namespaces
    Feature record: CXX_FEATURE:1cxx_lambdas
    Feature record: CXX_FEATURE:0cxx_lambda_init_captures
    Feature record: CXX_FEATURE:1cxx_local_type_template_args
    Feature record: CXX_FEATURE:1cxx_long_long_type
    Feature record: CXX_FEATURE:1cxx_noexcept
    Feature record: CXX_FEATURE:1cxx_nonstatic_member_init
    Feature record: CXX_FEATURE:1cxx_nullptr
    Feature record: CXX_FEATURE:1cxx_override
    Feature record: CXX_FEATURE:1cxx_range_for
    Feature record: CXX_FEATURE:1cxx_raw_string_literals
    Feature record: CXX_FEATURE:1cxx_reference_qualified_functions
    Feature record: CXX_FEATURE:0cxx_relaxed_constexpr
    Feature record: CXX_FEATURE:0cxx_return_type_deduction
    Feature record: CXX_FEATURE:1cxx_right_angle_brackets
    Feature record: CXX_FEATURE:1cxx_rvalue_references
    Feature record: CXX_FEATURE:1cxx_sizeof_member
    Feature record: CXX_FEATURE:1cxx_static_assert
    Feature record: CXX_FEATURE:1cxx_strong_enums
    Feature record: CXX_FEATURE:1cxx_template_template_parameters
    Feature record: CXX_FEATURE:1cxx_thread_local
    Feature record: CXX_FEATURE:1cxx_trailing_return_types
    Feature record: CXX_FEATURE:1cxx_unicode_literals
    Feature record: CXX_FEATURE:1cxx_uniform_initialization
    Feature record: CXX_FEATURE:1cxx_unrestricted_unions
    Feature record: CXX_FEATURE:1cxx_user_literals
    Feature record: CXX_FEATURE:0cxx_variable_templates
    Feature record: CXX_FEATURE:1cxx_variadic_macros
    Feature record: CXX_FEATURE:1cxx_variadic_templates


Detecting CXX [-std=c++98] compiler features compiled with the following output:
Change Dir: /home/user/Desktop/GP_VALEO_AP/ara-project-R19-11/ara-api/ucm/pkgmgr/Build/CMakeFiles/CMakeTmp

Run Build Command:"/home/user/Desktop/GP_VALEO_AP/ara-project-R19-11/AUTOSAR/sdks/qemux86/sysroots/x86_64-pokysdk-linux/usr/bin/make" "cmTC_78e7d/fast"
/home/user/Desktop/GP_VALEO_AP/ara-project-R19-11/AUTOSAR/sdks/qemux86/sysroots/x86_64-pokysdk-linux/usr/bin/make -f CMakeFiles/cmTC_78e7d.dir/build.make CMakeFiles/cmTC_78e7d.dir/build
make[1]: Entering directory '/home/user/Desktop/GP_VALEO_AP/ara-project-R19-11/ara-api/ucm/pkgmgr/Build/CMakeFiles/CMakeTmp'
Building CXX object CMakeFiles/cmTC_78e7d.dir/feature_tests.cxx.o
/home/user/Desktop/GP_VALEO_AP/ara-project-R19-11/AUTOSAR/sdks/qemux86/sysroots/x86_64-pokysdk-linux/usr/bin/i586-poky-linux/i586-poky-linux-g++   -m32 -march=i586 --sysroot=/home/user/Desktop/GP_VALEO_AP/ara-project-R19-11/AUTOSAR/sdks/qemux86/sysroots/i586-poky-linux --sysroot=/home/user/Desktop/GP_VALEO_AP/ara-project-R19-11/AUTOSAR/sdks/qemux86/sysroots/i586-poky-linux    -O2 -pipe -g -feliminate-unused-debug-types     -std=c++98 -o CMakeFiles/cmTC_78e7d.dir/feature_tests.cxx.o -c /home/user/Desktop/GP_VALEO_AP/ara-project-R19-11/ara-api/ucm/pkgmgr/Build/CMakeFiles/feature_tests.cxx
Linking CXX executable cmTC_78e7d
/home/user/Desktop/GP_VALEO_AP/ara-project-R19-11/AUTOSAR/sdks/qemux86/sysroots/x86_64-pokysdk-linux/usr/bin/cmake -E cmake_link_script CMakeFiles/cmTC_78e7d.dir/link.txt --verbose=1
/home/user/Desktop/GP_VALEO_AP/ara-project-R19-11/AUTOSAR/sdks/qemux86/sysroots/x86_64-pokysdk-linux/usr/bin/i586-poky-linux/i586-poky-linux-g++   -m32 -march=i586 --sysroot=/home/user/Desktop/GP_VALEO_AP/ara-project-R19-11/AUTOSAR/sdks/qemux86/sysroots/i586-poky-linux --sysroot=/home/user/Desktop/GP_VALEO_AP/ara-project-R19-11/AUTOSAR/sdks/qemux86/sysroots/i586-poky-linux   -O2 -pipe -g -feliminate-unused-debug-types    -Wl,-O1 -Wl,--hash-style=gnu -Wl,--as-needed  CMakeFiles/cmTC_78e7d.dir/feature_tests.cxx.o  -o cmTC_78e7d 
make[1]: Leaving directory '/home/user/Desktop/GP_VALEO_AP/ara-project-R19-11/ara-api/ucm/pkgmgr/Build/CMakeFiles/CMakeTmp'


    Feature record: CXX_FEATURE:0cxx_aggregate_default_initializers
    Feature record: CXX_FEATURE:0cxx_alias_templates
    Feature record: CXX_FEATURE:0cxx_alignas
    Feature record: CXX_FEATURE:0cxx_alignof
    Feature record: CXX_FEATURE:0cxx_attributes
    Feature record: CXX_FEATURE:0cxx_attribute_deprecated
    Feature record: CXX_FEATURE:0cxx_auto_type
    Feature record: CXX_FEATURE:0cxx_binary_literals
    Feature record: CXX_FEATURE:0cxx_constexpr
    Feature record: CXX_FEATURE:0cxx_contextual_conversions
    Feature record: CXX_FEATURE:0cxx_decltype
    Feature record: CXX_FEATURE:0cxx_decltype_auto
    Feature record: CXX_FEATURE:0cxx_decltype_incomplete_return_types
    Feature record: CXX_FEATURE:0cxx_default_function_template_args
    Feature record: CXX_FEATURE:0cxx_defaulted_functions
    Feature record: CXX_FEATURE:0cxx_defaulted_move_initializers
    Feature record: CXX_FEATURE:0cxx_delegating_constructors
    Feature record: CXX_FEATURE:0cxx_deleted_functions
    Feature record: CXX_FEATURE:0cxx_digit_separators
    Feature record: CXX_FEATURE:0cxx_enum_forward_declarations
    Feature record: CXX_FEATURE:0cxx_explicit_conversions
    Feature record: CXX_FEATURE:0cxx_extended_friend_declarations
    Feature record: CXX_FEATURE:0cxx_extern_templates
    Feature record: CXX_FEATURE:0cxx_final
    Feature record: CXX_FEATURE:0cxx_func_identifier
    Feature record: CXX_FEATURE:0cxx_generalized_initializers
    Feature record: CXX_FEATURE:0cxx_generic_lambdas
    Feature record: CXX_FEATURE:0cxx_inheriting_constructors
    Feature record: CXX_FEATURE:0cxx_inline_namespaces
    Feature record: CXX_FEATURE:0cxx_lambdas
    Feature record: CXX_FEATURE:0cxx_lambda_init_captures
    Feature record: CXX_FEATURE:0cxx_local_type_template_args
    Feature record: CXX_FEATURE:0cxx_long_long_type
    Feature record: CXX_FEATURE:0cxx_noexcept
    Feature record: CXX_FEATURE:0cxx_nonstatic_member_init
    Feature record: CXX_FEATURE:0cxx_nullptr
    Feature record: CXX_FEATURE:0cxx_override
    Feature record: CXX_FEATURE:0cxx_range_for
    Feature record: CXX_FEATURE:0cxx_raw_string_literals
    Feature record: CXX_FEATURE:0cxx_reference_qualified_functions
    Feature record: CXX_FEATURE:0cxx_relaxed_constexpr
    Feature record: CXX_FEATURE:0cxx_return_type_deduction
    Feature record: CXX_FEATURE:0cxx_right_angle_brackets
    Feature record: CXX_FEATURE:0cxx_rvalue_references
    Feature record: CXX_FEATURE:0cxx_sizeof_member
    Feature record: CXX_FEATURE:0cxx_static_assert
    Feature record: CXX_FEATURE:0cxx_strong_enums
    Feature record: CXX_FEATURE:1cxx_template_template_parameters
    Feature record: CXX_FEATURE:0cxx_thread_local
    Feature record: CXX_FEATURE:0cxx_trailing_return_types
    Feature record: CXX_FEATURE:0cxx_unicode_literals
    Feature record: CXX_FEATURE:0cxx_uniform_initialization
    Feature record: CXX_FEATURE:0cxx_unrestricted_unions
    Feature record: CXX_FEATURE:0cxx_user_literals
    Feature record: CXX_FEATURE:0cxx_variable_templates
    Feature record: CXX_FEATURE:0cxx_variadic_macros
    Feature record: CXX_FEATURE:0cxx_variadic_templates
Determining if the include file pthread.h exists passed with the following output:
Change Dir: /home/user/Desktop/GP_VALEO_AP/ara-project-R19-11/ara-api/ucm/pkgmgr/Build/CMakeFiles/CMakeTmp

Run Build Command:"/home/user/Desktop/GP_VALEO_AP/ara-project-R19-11/AUTOSAR/sdks/qemux86/sysroots/x86_64-pokysdk-linux/usr/bin/make" "cmTC_0c321/fast"
/home/user/Desktop/GP_VALEO_AP/ara-project-R19-11/AUTOSAR/sdks/qemux86/sysroots/x86_64-pokysdk-linux/usr/bin/make -f CMakeFiles/cmTC_0c321.dir/build.make CMakeFiles/cmTC_0c321.dir/build
make[1]: Entering directory '/home/user/Desktop/GP_VALEO_AP/ara-project-R19-11/ara-api/ucm/pkgmgr/Build/CMakeFiles/CMakeTmp'
Building CXX object CMakeFiles/cmTC_0c321.dir/CheckIncludeFile.cxx.o
/home/user/Desktop/GP_VALEO_AP/ara-project-R19-11/AUTOSAR/sdks/qemux86/sysroots/x86_64-pokysdk-linux/usr/bin/i586-poky-linux/i586-poky-linux-g++   -m32 -march=i586 --sysroot=/home/user/Desktop/GP_VALEO_AP/ara-project-R19-11/AUTOSAR/sdks/qemux86/sysroots/i586-poky-linux --sysroot=/home/user/Desktop/GP_VALEO_AP/ara-project-R19-11/AUTOSAR/sdks/qemux86/sysroots/i586-poky-linux    -O2 -pipe -g -feliminate-unused-debug-types     -o CMakeFiles/cmTC_0c321.dir/CheckIncludeFile.cxx.o -c /home/user/Desktop/GP_VALEO_AP/ara-project-R19-11/ara-api/ucm/pkgmgr/Build/CMakeFiles/CMakeTmp/CheckIncludeFile.cxx
Linking CXX executable cmTC_0c321
/home/user/Desktop/GP_VALEO_AP/ara-project-R19-11/AUTOSAR/sdks/qemux86/sysroots/x86_64-pokysdk-linux/usr/bin/cmake -E cmake_link_script CMakeFiles/cmTC_0c321.dir/link.txt --verbose=1
/home/user/Desktop/GP_VALEO_AP/ara-project-R19-11/AUTOSAR/sdks/qemux86/sysroots/x86_64-pokysdk-linux/usr/bin/i586-poky-linux/i586-poky-linux-g++   -m32 -march=i586 --sysroot=/home/user/Desktop/GP_VALEO_AP/ara-project-R19-11/AUTOSAR/sdks/qemux86/sysroots/i586-poky-linux --sysroot=/home/user/Desktop/GP_VALEO_AP/ara-project-R19-11/AUTOSAR/sdks/qemux86/sysroots/i586-poky-linux   -O2 -pipe -g -feliminate-unused-debug-types    -Wl,-O1 -Wl,--hash-style=gnu -Wl,--as-needed  CMakeFiles/cmTC_0c321.dir/CheckIncludeFile.cxx.o  -o cmTC_0c321 
make[1]: Leaving directory '/home/user/Desktop/GP_VALEO_AP/ara-project-R19-11/ara-api/ucm/pkgmgr/Build/CMakeFiles/CMakeTmp'


