2021-07-12 00:12:28.781  INFO 6203 --- [main] c.h.a.c.CustomScannersServiceApplication : Starting CustomScannersServiceApplication on cai1-l10742 with PID 6203 (/home/user/.vscode/extensions/hcltechnologies.hclappscancodesweep-1.1.4/lib/custom-scanners-service-1.0.11.jar started by user in /home/user/Documents/UCM_MOdule)
2021-07-12 00:12:28.790  INFO 6203 --- [main] c.h.a.c.CustomScannersServiceApplication : No active profile set, falling back to default profiles: default
2021-07-12 00:12:33.692  INFO 6203 --- [main] o.s.b.w.embedded.tomcat.TomcatWebServer  : Tomcat initialized with port(s): 9221 (http)
2021-07-12 00:12:33.733  INFO 6203 --- [main] o.apache.catalina.core.StandardService   : Starting service [Tomcat]
2021-07-12 00:12:33.738  INFO 6203 --- [main] org.apache.catalina.core.StandardEngine  : Starting Servlet engine: [Apache Tomcat/9.0.29]
2021-07-12 00:12:33.930  INFO 6203 --- [main] o.a.c.c.C.[Tomcat].[localhost].[/]       : Initializing Spring embedded WebApplicationContext
2021-07-12 00:12:33.932 DEBUG 6203 --- [main] o.s.web.context.ContextLoader            : Published root WebApplicationContext as ServletContext attribute with name [org.springframework.web.context.WebApplicationContext.ROOT]
2021-07-12 00:12:33.934  INFO 6203 --- [main] o.s.web.context.ContextLoader            : Root WebApplicationContext: initialization completed in 5017 ms
2021-07-12 00:12:34.346 DEBUG 6203 --- [main] o.s.b.w.s.ServletContextInitializerBeans : Mapping filters: filterRegistrationBean urls=[/*] order=-2147483647, characterEncodingFilter urls=[/*] order=-2147483648, formContentFilter urls=[/*] order=-9900, requestContextFilter urls=[/*] order=-105
2021-07-12 00:12:34.347 DEBUG 6203 --- [main] o.s.b.w.s.ServletContextInitializerBeans : Mapping servlets: dispatcherServlet urls=[/]
2021-07-12 00:12:37.849 DEBUG 6203 --- [main] s.w.s.m.m.a.RequestMappingHandlerMapping : 19 mappings in 'requestMappingHandlerMapping'
2021-07-12 00:12:37.997  INFO 6203 --- [main] o.s.b.a.e.web.EndpointLinksResolver      : Exposing 2 endpoint(s) beneath base path '/actuator'
2021-07-12 00:12:38.286  INFO 6203 --- [main] pertySourcedRequestMappingHandlerMapping : Mapped URL path [/v2/api-docs] onto method [springfox.documentation.swagger2.web.Swagger2Controller#getDocumentation(String, HttpServletRequest)]
2021-07-12 00:12:38.536  INFO 6203 --- [main] o.s.s.concurrent.ThreadPoolTaskExecutor  : Initializing ExecutorService 'applicationTaskExecutor'
2021-07-12 00:12:38.690 DEBUG 6203 --- [main] s.w.s.m.m.a.RequestMappingHandlerAdapter : ControllerAdvice beans: 0 @ModelAttribute, 0 @InitBinder, 1 RequestBodyAdvice, 1 ResponseBodyAdvice
2021-07-12 00:12:39.088 DEBUG 6203 --- [main] o.s.w.s.handler.SimpleUrlHandlerMapping  : Patterns [/webjars/**, /**] in 'resourceHandlerMapping'
2021-07-12 00:12:39.129 DEBUG 6203 --- [main] .m.m.a.ExceptionHandlerExceptionResolver : ControllerAdvice beans: 1 @ExceptionHandler, 1 ResponseBodyAdvice
2021-07-12 00:12:39.321  INFO 6203 --- [main] d.s.w.p.DocumentationPluginsBootstrapper : Context refreshed
2021-07-12 00:12:39.378  INFO 6203 --- [main] d.s.w.p.DocumentationPluginsBootstrapper : Found 1 custom documentation plugin(s)
2021-07-12 00:12:39.483  INFO 6203 --- [main] s.d.s.w.s.ApiListingReferenceScanner     : Scanning for api listing references
2021-07-12 00:12:40.440  INFO 6203 --- [main] o.s.b.w.embedded.tomcat.TomcatWebServer  : Tomcat started on port(s): 9221 (http) with context path ''
2021-07-12 00:12:40.451  INFO 6203 --- [main] c.h.a.c.CustomScannersServiceApplication : Started CustomScannersServiceApplication in 23.577 seconds (JVM running for 25.827)
2021-07-12 00:12:40.773  INFO 6203 --- [http-nio-9221-exec-1] o.a.c.c.C.[Tomcat].[localhost].[/]       : Initializing Spring DispatcherServlet 'dispatcherServlet'
2021-07-12 00:12:40.774  INFO 6203 --- [http-nio-9221-exec-1] o.s.web.servlet.DispatcherServlet        : Initializing Servlet 'dispatcherServlet'
2021-07-12 00:12:40.774 DEBUG 6203 --- [http-nio-9221-exec-1] o.s.web.servlet.DispatcherServlet        : Detected StandardServletMultipartResolver
2021-07-12 00:12:40.788 DEBUG 6203 --- [http-nio-9221-exec-1] o.s.web.servlet.DispatcherServlet        : enableLoggingRequestDetails='false': request parameters and headers will be masked to prevent unsafe logging of potentially sensitive data
2021-07-12 00:12:40.789  INFO 6203 --- [http-nio-9221-exec-1] o.s.web.servlet.DispatcherServlet        : Completed initialization in 15 ms
2021-07-12 00:12:40.806 DEBUG 6203 --- [http-nio-9221-exec-1] o.s.web.servlet.DispatcherServlet        : GET "/v1/scanRules", parameters={}
2021-07-12 00:12:40.818 DEBUG 6203 --- [http-nio-9221-exec-1] s.w.s.m.m.a.RequestMappingHandlerMapping : Mapped to com.hcl.appscan.customscannersservice.controller.CustomScannersController#getScanRules(String[])
2021-07-12 00:12:40.851 DEBUG 6203 --- [http-nio-9221-exec-1] o.s.w.s.m.m.a.HttpEntityMethodProcessor  : Using 'application/json', given [application/json] and supported [application/json]
2021-07-12 00:12:40.863 DEBUG 6203 --- [http-nio-9221-exec-1] o.s.w.s.m.m.a.HttpEntityMethodProcessor  : Writing [{Golang={com.ouncelabs.languagelite.golang.rules.CommMisconfig=CustomScannersServiceScanRule{ruleNam (truncated)...]
2021-07-12 00:12:40.933 DEBUG 6203 --- [http-nio-9221-exec-1] o.s.web.servlet.DispatcherServlet        : Completed 200 OK
